<?xml version="1.0" encoding="UTF-8"?>
<!-- Generated by org.testng.reporters.JUnitReportReporter -->
<testsuite hostname="Hpbook.local" failures="0" tests="1" name="com.flipkart.test.HomePageMobileTest" time="31.533" errors="0" timestamp="14 Apr 2022 13:48:41 GMT" skipped="0">
  <testcase classname="com.flipkart.test.HomePageMobileTest" name="SearchMobile" time="31.533"/>
</testsuite> <!-- com.flipkart.test.HomePageMobileTest -->
